(---------------------------------------------------------------------)
(                                                                     )
(    ARTWORK LOG                                                      )
(                                                                     )
(    Drawing          : exp2_osc.brd                                  )
(    Software Version : 16.6-2015S108                                 )
(    Date/Time        : Thu Nov 13 20:54:38 2025                      )
(                                                                     )
(---------------------------------------------------------------------)


 ---- Photoplot outline rectangle not found; using drawing extents.




 Can't open parameter file ... using default values:
     DEVICE-TYPE        GERBER6X00
     G-CODES            NO
     STATIONS-PER-WHEEL 24
     FILM-SIZE          24000 16000
     COORDINATES        ABSOLUTE
     OUTPUT-UNITS       INCHES
     FORMAT             5.3
     ABORT-ON-ERROR     abort film & continue
     SUPPRESS-LEAD-ZEROES     YES
     SUPPRESS-TRAIL-ZEROES    NO
     OPTIMIZE           YES
     SUPPRESS-EQUAL     YES
     SCALE              1.0





================================================================
     PROCESSING FILM < TOP >
     TO FILE < C:/Users/13081/Desktop/NCE-L2-L4 第二章-正弦振荡器模块设计/sources/TOP.art > ...
================================================================

  FILM PARAMETERS :
  ---------------------------------------------------------
  Undefined line width                0.000
  Mirror code                         NONE
  Rotate angle                        NONE
  Offset x:                           0.000
  Offset y:                           0.000
  Plot negative                       NO
  Suppress unconnected internal pads  NO
  Draw holes only                     NO



  APERTURES USED:
  ---------------------------------------------------------
  TYPE       SIZE/NAME                   ROT   MIRROR MODE 
  ---------------------------------------------------------
  CIRCLE     0.00500                                  DARK 
  CIRCLE     0.00800                                  DARK 
  CIRCLE     0.02000                                  DARK 
  CIRCLE     0.03500                                  DARK 
  CIRCLE     0.04000                                  DARK 
  CIRCLE     0.05512                                  DARK 
  CIRCLE     0.05906                                  DARK 
  CIRCLE     0.06693                                  DARK 
  CIRCLE     0.07480                                  DARK 
  CIRCLE     0.07874                                  DARK 
  CIRCLE     0.10236                                  DARK 
  CIRCLE     0.11811                                  DARK 
  CIRCLE     0.12500                                  DARK 
  CIRCLE     0.15748                                  DARK 
  SQUARE     0.05000                     0.000 NO     DARK 
  SQUARE     0.05906                     0.000 NO     DARK 
  SQUARE     0.06693                     0.000 NO     DARK 
  SQUARE     0.07480                     0.000 NO     DARK 
  RECTANGLE  0.05906     x 0.11024      90.000 NO     DARK 
  OBLONG     0.11417     x 0.12598       0.000 NO     DARK 
  OBLONG     0.11417     x 0.12598      90.000 NO     DARK 

     TOP created with warnings


================================================================
     PROCESSING FILM < BOTTOM >
     TO FILE < C:/Users/13081/Desktop/NCE-L2-L4 第二章-正弦振荡器模块设计/sources/BOTTOM.art > ...
================================================================

  FILM PARAMETERS :
  ---------------------------------------------------------
  Undefined line width                0.000
  Mirror code                         NONE
  Rotate angle                        NONE
  Offset x:                           0.000
  Offset y:                           0.000
  Plot negative                       NO
  Suppress unconnected internal pads  NO
  Draw holes only                     NO



  APERTURES USED:
  ---------------------------------------------------------
  TYPE       SIZE/NAME                   ROT   MIRROR MODE 
  ---------------------------------------------------------
  CIRCLE     0.00500                                  DARK 
  CIRCLE     0.03500                                  DARK 
  CIRCLE     0.05512                                  DARK 
  CIRCLE     0.05906                                  DARK 
  CIRCLE     0.06693                                  DARK 
  CIRCLE     0.07480                                  DARK 
  CIRCLE     0.07874                                  DARK 
  CIRCLE     0.10236                                  DARK 
  CIRCLE     0.11811                                  DARK 
  CIRCLE     0.12500                                  DARK 
  CIRCLE     0.15748                                  DARK 
  SQUARE     0.05906                     0.000 NO     DARK 
  SQUARE     0.06693                     0.000 NO     DARK 
  SQUARE     0.07480                     0.000 NO     DARK 
  OBLONG     0.11417     x 0.12598       0.000 NO     DARK 
  OBLONG     0.11417     x 0.12598      90.000 NO     DARK 

     BOTTOM created with warnings


------------------------------------------------------
 SUMMARY:
        TOP created with warnings
        BOTTOM created with warnings

 ARTWORK had warnings
