(---------------------------------------------------------------------)
(                                                                     )
(    NC DRILL Log                                                     )
(                                                                     )
(    Drawing          : exp2_osc.brd                                  )
(    Software Version : 16.6-2015S108                                 )
(    Date/Time        : Thu Nov 13 20:51:46 2025                      )
(                                                                     )
(---------------------------------------------------------------------)



 Processing NC Parameters file 'nc_param.txt' ...

 NC PARAMETERS
 -------------

 FORMAT   		5.5
 MACHINE-OFFSET		x:0.00000	y:0.00000   (inch)
 FEEDRATE		1
 COORDINATES		ABSOLUTE
 OUTPUT-UNITS		ENGLISH
 TOOL-ORDER		INCREASING
 REPEAT-CODES		YES
 SUPPRESS-LEAD-ZEROES	NO
 SUPPRESS-TRAIL-ZEROES	NO
 SUPPRESS-EQUAL		NO
 TOOL-SELECT		NO
 HEADER			none
 LEADER			12
 CODE			ASCII
 SEPARATE		NO
 SEPARATE-ROUTING	NO
 OPTIMIZE_DRILLING	NO
 ENHANCED_EXCELLON	NO
 SCALE			1.000000

 WARNING(SPMHMF-360): Design precision is greater than that of the drill output file data.
 WARNING(SPMHMF-361): Data rounding errors are very possible.
 WARNING(SPMHMF-365): This design contains 4 slot holes that can NOT be drilled.
 WARNING(SPMHMF-366): They can be processed by NC routing instead.


 Drill files being output to directory 'C:/Users/13081/Desktop/NCE-L2-L4 第二章-正弦振荡器模块设计/sources' ...



     'exp2_osc-1-2.drl' created for holes connecting TOP and BOTTOM
     --------------------------------------------------------------

           Num     Size      +/- Tolerance     Plating   Quantity

            1.  25.0000    0.0000/  0.0000      PLATED          6
            2.  31.4960    0.0000/  0.0000      PLATED          6
            3.  31.4960    3.1500/  3.1500      PLATED         16
            4.  39.3700    3.1500/  3.1500      PLATED         17
            5.  47.2440    3.9370/  3.9370      PLATED          2
            6.  47.2440    3.9410/  3.9410      PLATED          4
            7.  63.0000    0.0000/  0.0000      PLATED          2
            8.  66.9290    3.9370/  3.9370      PLATED          1
            9.  78.7400    3.9370/  3.9370      PLATED          2
           10.  98.4250    3.9370/  3.9370      PLATED          2

     ---- Total holes:                                         58

     ---- Total head travel:              3.43 feet (1.05 meters)

